INFO:root:Pipeline started
INFO:root:Pipeline completed
INFO:root:Pipeline started
INFO:root:Pipeline completed
2026-04-07 18:26:08,408 - INFO - Pipeline started
2026-04-07 18:26:09,702 - INFO - Raw load completed
2026-04-07 18:26:09,916 - INFO - Validation completed
2026-04-07 18:26:10,134 - INFO - Transformation completed
2026-04-07 18:26:10,134 - INFO - Pipeline finished successfully
2026-04-07 18:26:17,564 - INFO - Pipeline started
2026-04-07 18:26:18,865 - INFO - Raw load completed
2026-04-07 18:26:19,072 - INFO - Validation completed
2026-04-07 18:26:19,281 - INFO - Transformation completed
2026-04-07 18:26:19,282 - INFO - Pipeline finished successfully
2026-04-07 20:16:06,886 - INFO - Pipeline started
2026-04-07 20:16:08,610 - INFO - Raw load completed
2026-04-07 20:16:08,845 - INFO - Validation completed
2026-04-07 20:16:09,095 - INFO - Transformation completed
2026-04-07 20:16:09,095 - INFO - Pipeline finished successfully
2026-04-07 20:20:45,321 - INFO - Pipeline started
2026-04-07 20:20:46,407 - INFO - Raw load completed
2026-04-07 20:20:46,738 - INFO - Validation completed
2026-04-07 20:20:46,959 - INFO - Transformation completed
2026-04-07 20:20:46,959 - INFO - Pipeline finished successfully
2026-04-07 20:40:06,068 - INFO - Pipeline started
2026-04-07 20:40:07,501 - INFO - Raw load completed
2026-04-07 20:40:07,719 - INFO - Validation completed
2026-04-07 20:40:07,936 - INFO - Transformation completed
2026-04-07 20:40:07,936 - INFO - Pipeline finished successfully
2026-04-07 21:01:10,052 - INFO - Pipeline started
2026-04-07 21:01:11,935 - INFO - Raw load completed
2026-04-07 21:01:12,231 - INFO - Validation completed
2026-04-07 21:01:12,570 - INFO - Transformation completed
2026-04-07 21:01:12,570 - INFO - Pipeline finished successfully
2026-04-07 21:01:44,893 - INFO - Pipeline started
2026-04-07 21:01:45,957 - INFO - Raw load completed
2026-04-07 21:01:46,189 - INFO - Validation completed
2026-04-07 21:01:46,410 - INFO - Transformation completed
2026-04-07 21:01:46,411 - INFO - Pipeline finished successfully
2026-04-07 21:07:58,939 - INFO - Pipeline started
2026-04-07 21:08:00,064 - INFO - Raw load completed
2026-04-07 21:08:00,288 - INFO - Validation completed
2026-04-07 21:08:00,501 - INFO - Transformation completed
2026-04-07 21:08:00,501 - INFO - Pipeline finished successfully
2026-04-07 21:10:13,950 - INFO - Pipeline started
2026-04-07 21:10:33,897 - INFO - Raw load completed
2026-04-07 21:10:34,272 - INFO - Validation completed
2026-04-07 21:10:34,490 - INFO - Transformation completed
2026-04-07 21:10:34,490 - INFO - Pipeline finished successfully
2026-04-07 21:18:05,295 - INFO - Pipeline started
2026-04-07 21:18:48,175 - INFO - Raw load completed
2026-04-07 21:18:48,415 - INFO - Validation completed
2026-04-07 21:18:48,766 - INFO - Transformation completed
2026-04-07 21:18:48,766 - INFO - Pipeline finished successfully
2026-04-07 21:22:25,442 - INFO - Pipeline started
2026-04-07 21:23:08,102 - INFO - Raw load completed
2026-04-07 21:23:08,315 - INFO - Validation completed
2026-04-07 21:23:08,514 - INFO - Transformation completed
2026-04-07 21:23:08,514 - INFO - Pipeline finished successfully
2026-04-07 21:25:15,939 - INFO - Pipeline started
2026-04-07 21:26:25,728 - INFO - Raw load completed
2026-04-07 21:26:25,964 - INFO - Validation completed
2026-04-07 21:26:26,272 - INFO - Transformation completed
2026-04-07 21:26:26,272 - INFO - Pipeline finished successfully
2026-04-07 21:39:30,779 - INFO - Pipeline started
2026-04-07 21:41:00,965 - INFO - Raw load completed
2026-04-07 21:41:01,203 - INFO - Validation completed
2026-04-07 21:41:02,758 - INFO - Transformation completed
2026-04-07 21:41:02,758 - INFO - Pipeline finished successfully
